[INIT] Polling Integrity Guardian active on: D:\Hank
[INIT] Polling Integrity Guardian active on: D:\Hank
[INIT] Polling Integrity Guardian active on: D:\Hank
[INIT] Polling Integrity Guardian active on: D:\Hank
[2026-05-09 02:55:06] [HEARTBEAT] Guardian cycle 100 completed. System secure.
[2026-05-09 02:58:35] [HEARTBEAT] Guardian cycle 200 completed. System secure.
[INIT] Polling Integrity Guardian active on: D:\Hank
[INIT] Polling Integrity Guardian active on: D:\Hank
[INIT] Polling Integrity Guardian active on: D:\Hank
[INIT] Polling Integrity Guardian active on: D:\Hank
[2026-05-09 15:58:45] [HEARTBEAT] Guardian cycle 100 completed. System secure.
[2026-05-09 16:02:26] [HEARTBEAT] Guardian cycle 200 completed. System secure.
[2026-05-09 16:06:07] [HEARTBEAT] Guardian cycle 300 completed. System secure.
[2026-05-09 16:09:47] [HEARTBEAT] Guardian cycle 400 completed. System secure.
[2026-05-09 16:13:30] [HEARTBEAT] Guardian cycle 500 completed. System secure.
[2026-05-09 16:17:13] [HEARTBEAT] Guardian cycle 600 completed. System secure.
[2026-05-09 16:21:01] [HEARTBEAT] Guardian cycle 700 completed. System secure.
[2026-05-09 16:24:43] [HEARTBEAT] Guardian cycle 800 completed. System secure.
[2026-05-09 16:28:24] [HEARTBEAT] Guardian cycle 900 completed. System secure.
[2026-05-09 16:32:08] [HEARTBEAT] Guardian cycle 1000 completed. System secure.
[2026-05-09 16:35:50] [HEARTBEAT] Guardian cycle 1100 completed. System secure.
[2026-05-09 16:39:35] [HEARTBEAT] Guardian cycle 1200 completed. System secure.
[2026-05-09 16:43:18] [HEARTBEAT] Guardian cycle 1300 completed. System secure.
[2026-05-09 16:47:02] [HEARTBEAT] Guardian cycle 1400 completed. System secure.
[2026-05-09 16:50:47] [HEARTBEAT] Guardian cycle 1500 completed. System secure.
[2026-05-09 16:54:31] [HEARTBEAT] Guardian cycle 1600 completed. System secure.
[2026-05-09 16:58:18] [HEARTBEAT] Guardian cycle 1700 completed. System secure.
[2026-05-09 17:02:01] [HEARTBEAT] Guardian cycle 1800 completed. System secure.
[2026-05-09 17:05:43] [HEARTBEAT] Guardian cycle 1900 completed. System secure.
[2026-05-09 17:09:29] [HEARTBEAT] Guardian cycle 2000 completed. System secure.
[2026-05-09 17:13:26] [HEARTBEAT] Guardian cycle 2100 completed. System secure.
[2026-05-09 17:17:09] [HEARTBEAT] Guardian cycle 2200 completed. System secure.
[2026-05-09 17:20:52] [HEARTBEAT] Guardian cycle 2300 completed. System secure.
[2026-05-09 17:24:45] [HEARTBEAT] Guardian cycle 2400 completed. System secure.
[2026-05-09 17:28:54] [HEARTBEAT] Guardian cycle 2500 completed. System secure.
[2026-05-09 17:32:37] [HEARTBEAT] Guardian cycle 2600 completed. System secure.
[2026-05-09 17:36:20] [HEARTBEAT] Guardian cycle 2700 completed. System secure.
[INIT] Polling Integrity Guardian active on: D:\Hank
[2026-05-09 21:09:19] [HEARTBEAT] Guardian cycle 100 completed. System secure.
[2026-05-09 21:13:04] [HEARTBEAT] Guardian cycle 200 completed. System secure.
[2026-05-09 21:16:49] [HEARTBEAT] Guardian cycle 300 completed. System secure.
[2026-05-09 21:20:35] [HEARTBEAT] Guardian cycle 400 completed. System secure.
[2026-05-09 21:24:18] [HEARTBEAT] Guardian cycle 500 completed. System secure.
[2026-05-09 21:28:23] [HEARTBEAT] Guardian cycle 600 completed. System secure.
[2026-05-09 21:32:30] [HEARTBEAT] Guardian cycle 700 completed. System secure.
[2026-05-09 21:36:58] [HEARTBEAT] Guardian cycle 800 completed. System secure.
[SOVEREIGN VIOLATION] cognition/sophia/sophia.py: 11084 -> 9705. ROLLBACK!
[2026-05-09 21:41:13] [HEARTBEAT] Guardian cycle 900 completed. System secure.
[2026-05-09 21:45:45] [HEARTBEAT] Guardian cycle 1000 completed. System secure.
[2026-05-09 21:50:20] [HEARTBEAT] Guardian cycle 1100 completed. System secure.
[2026-05-09 21:54:42] [HEARTBEAT] Guardian cycle 1200 completed. System secure.
[SOVEREIGN VIOLATION] src/architrave/model_registry.py: 6678 -> 5035. ROLLBACK!
[SOVEREIGN VIOLATION] src/lachesis/codebase_mapper.py: 11260 -> 1477. ROLLBACK!
[2026-05-09 21:58:59] [HEARTBEAT] Guardian cycle 1300 completed. System secure.
[2026-05-09 22:03:16] [HEARTBEAT] Guardian cycle 1400 completed. System secure.
[2026-05-09 22:07:35] [HEARTBEAT] Guardian cycle 1500 completed. System secure.
[2026-05-09 22:11:52] [HEARTBEAT] Guardian cycle 1600 completed. System secure.
[2026-05-09 22:16:07] [HEARTBEAT] Guardian cycle 1700 completed. System secure.
[2026-05-09 22:20:26] [HEARTBEAT] Guardian cycle 1800 completed. System secure.
[2026-05-09 22:24:44] [HEARTBEAT] Guardian cycle 1900 completed. System secure.
[2026-05-09 22:29:04] [HEARTBEAT] Guardian cycle 2000 completed. System secure.
[2026-05-09 22:33:20] [HEARTBEAT] Guardian cycle 2100 completed. System secure.
[2026-05-09 22:37:45] [HEARTBEAT] Guardian cycle 2200 completed. System secure.
[2026-05-09 22:42:03] [HEARTBEAT] Guardian cycle 2300 completed. System secure.
